2025-03-26 16:10:57 [main] INFO   - Запуск приложения
2025-03-26 16:11:00 [main] INFO   - Вызов команды help
2025-03-26 16:11:00 [main] INFO   - Отправка сообщения на сервер
2025-03-26 16:11:00 [main] INFO   - ClientCommandRequest {commandName: help, arguments: }
2025-03-26 16:11:00 [main] INFO   - Сообщение отправлено
2025-03-26 16:11:00 [main] INFO   - Ожидание ответа от сервера...
2025-03-26 16:11:01 [main] INFO   - Сообщение от сервера пришло
2025-03-26 16:11:01 [main] INFO   - ServerResponse {type: SUCCESS, message: add {element}: добавить новый элемент в коллекцию
add_if_max {element} : добавить новый элемент в коллекцию, если его значение превышает значение наибольшего элемента этой коллекции
clear : очистить коллекцию
filter_contains_name name : вывести элементы, значение поля name которых содержит заданную подстроку
help: вывести справку по доступным командам
history: вывести последние 10 команд (без их аргументов)
info: вывести в стандартный поток вывода информацию о коллекции (тип, дата инициализации, количество элементов и т.д.)
print_ascending : вывести элементы коллекции в порядке возрастания
remove_by_id id : удалить элемент из коллекции по его id
remove_lower {element} : удалить из коллекции все элементы, меньшие, чем заданный
show : вывести в стандартный поток вывода все элементы коллекции в строковом представлении
sum_of_albums_count: вывести сумму значений поля albumsCount для всех элементов коллекции
update id {element} : обновить значение элемента коллекции, id которого равен заданному
}
2025-03-26 16:12:19 [main] INFO   - Вызов команды execute_script
2025-03-26 16:12:19 [main] INFO   - Запуск скрипта: D:\Projects\ITMO\proga\Lab6\.\script1.txt
2025-03-26 16:12:19 [main] INFO   - Вызов команды execute_script
2025-03-26 16:12:19 [main] INFO   - Запуск скрипта: D:\Projects\ITMO\proga\Lab6\.\script1.txt
2025-03-26 16:12:19 [main] WARN   - Обнаружена рекурсия
2025-03-26 16:13:38 [main] INFO   - Запуск приложения
2025-03-26 16:13:46 [main] ERROR  - Неопознанная команда: exectue_script
2025-03-26 16:14:02 [main] INFO   - Вызов команды execute_script
2025-03-26 16:14:02 [main] INFO   - Запуск скрипта: D:\Projects\ITMO\proga\Lab6\.\script.txt
2025-03-26 16:14:18 [main] INFO   - Запуск приложения
2025-03-26 16:14:26 [main] INFO   - Вызов команды execute_script
2025-03-26 16:14:26 [main] INFO   - Запуск скрипта: D:\Projects\ITMO\proga\Lab6\.\scipt.txt
2025-03-26 16:26:40 [main] INFO   - Запуск приложения
2025-03-26 16:26:42 [main] INFO   - Вызов команды help
2025-03-26 16:26:42 [main] INFO   - Отправка сообщения на сервер
2025-03-26 16:26:42 [main] INFO   - ClientCommandRequest {commandName: help, arguments: }
2025-03-26 16:26:42 [main] INFO   - Сообщение отправлено
2025-03-26 16:26:42 [main] INFO   - Ожидание ответа от сервера...
2025-03-26 16:26:44 [main] INFO   - Сообщение от сервера пришло
2025-03-26 16:26:44 [main] INFO   - ServerResponse {type: SUCCESS, message: add {element}: добавить новый элемент в коллекцию
add_if_max {element} : добавить новый элемент в коллекцию, если его значение превышает значение наибольшего элемента этой коллекции
clear : очистить коллекцию
filter_contains_name name : вывести элементы, значение поля name которых содержит заданную подстроку
help: вывести справку по доступным командам
history: вывести последние 10 команд (без их аргументов)
info: вывести в стандартный поток вывода информацию о коллекции (тип, дата инициализации, количество элементов и т.д.)
print_ascending : вывести элементы коллекции в порядке возрастания
remove_by_id id : удалить элемент из коллекции по его id
remove_lower {element} : удалить из коллекции все элементы, меньшие, чем заданный
show : вывести в стандартный поток вывода все элементы коллекции в строковом представлении
sum_of_albums_count: вывести сумму значений поля albumsCount для всех элементов коллекции
update id {element} : обновить значение элемента коллекции, id которого равен заданному
}
2025-03-26 16:26:49 [main] INFO   - Вызов команды add
2025-03-26 16:27:25 [main] INFO   - Запуск приложения
2025-03-26 16:27:27 [main] INFO   - Вызов команды help
2025-03-26 16:27:27 [main] INFO   - Отправка сообщения на сервер
2025-03-26 16:27:27 [main] INFO   - ClientCommandRequest {commandName: help, arguments: }
2025-03-26 16:27:28 [main] INFO   - Сообщение отправлено
2025-03-26 16:27:28 [main] INFO   - Ожидание ответа от сервера...
2025-03-26 16:27:29 [main] INFO   - Сообщение от сервера пришло
2025-03-26 16:27:29 [main] INFO   - ServerResponse {type: SUCCESS, message: add {element}: добавить новый элемент в коллекцию
add_if_max {element} : добавить новый элемент в коллекцию, если его значение превышает значение наибольшего элемента этой коллекции
clear : очистить коллекцию
filter_contains_name name : вывести элементы, значение поля name которых содержит заданную подстроку
help: вывести справку по доступным командам
history: вывести последние 10 команд (без их аргументов)
info: вывести в стандартный поток вывода информацию о коллекции (тип, дата инициализации, количество элементов и т.д.)
print_ascending : вывести элементы коллекции в порядке возрастания
remove_by_id id : удалить элемент из коллекции по его id
remove_lower {element} : удалить из коллекции все элементы, меньшие, чем заданный
show : вывести в стандартный поток вывода все элементы коллекции в строковом представлении
sum_of_albums_count: вывести сумму значений поля albumsCount для всех элементов коллекции
update id {element} : обновить значение элемента коллекции, id которого равен заданному
}
2025-03-26 16:58:57 [main] INFO   - Запуск приложения
2025-03-26 16:58:59 [main] INFO   - Вызов команды help
2025-03-26 16:58:59 [main] INFO   - Отправка сообщения на сервер
2025-03-26 16:58:59 [main] INFO   - ClientCommandRequest {commandName: help, arguments: }
2025-03-26 16:58:59 [main] INFO   - Сообщение отправлено
2025-03-26 16:58:59 [main] INFO   - Ожидание ответа от сервера...
2025-03-26 16:58:59 [main] INFO   - Сообщение от сервера пришло
2025-03-26 16:58:59 [main] INFO   - ServerResponse {type: SUCCESS, message: add {element}: добавить новый элемент в коллекцию
add_if_max {element} : добавить новый элемент в коллекцию, если его значение превышает значение наибольшего элемента этой коллекции
clear : очистить коллекцию
filter_contains_name name : вывести элементы, значение поля name которых содержит заданную подстроку
help: вывести справку по доступным командам
history: вывести последние 10 команд (без их аргументов)
info: вывести в стандартный поток вывода информацию о коллекции (тип, дата инициализации, количество элементов и т.д.)
print_ascending : вывести элементы коллекции в порядке возрастания
remove_by_id id : удалить элемент из коллекции по его id
remove_lower {element} : удалить из коллекции все элементы, меньшие, чем заданный
show : вывести в стандартный поток вывода все элементы коллекции в строковом представлении
sum_of_albums_count: вывести сумму значений поля albumsCount для всех элементов коллекции
update id {element} : обновить значение элемента коллекции, id которого равен заданному
}
2025-03-26 17:48:37 [main] INFO   - Запуск приложения
2025-04-08 00:22:22 [main] INFO   - Запуск приложения
2025-04-08 00:24:48 [main] INFO   - Запуск приложения
2025-04-08 00:25:15 [main] INFO   - Запуск приложения
2025-04-08 00:25:28 [main] INFO   - Вызов команды execute_script
2025-04-08 00:25:37 [main] INFO   - Запуск менедежра скриптов
2025-04-08 00:25:37 [main] INFO   - Загрузка всех команд
2025-04-08 00:25:40 [main] INFO   - Чтения скрипта D:\Projects\ITMO\proga\Lab6\.\script1.txt
2025-04-08 00:26:01 [main] INFO   - Запуск приложения
2025-04-08 00:26:08 [main] INFO   - Вызов команды execute_script
2025-04-08 00:26:18 [main] INFO   - Запуск менедежра скриптов
2025-04-08 00:26:19 [main] INFO   - Загрузка всех команд
2025-04-08 00:26:24 [main] INFO   - Чтения скрипта D:\Projects\ITMO\proga\Lab6\.\script1.txt
2025-04-08 00:28:27 [main] INFO   - Запуск приложения
2025-04-08 00:28:29 [main] ERROR  - Неопознанная команда: ee
2025-04-08 00:28:37 [main] INFO   - Вызов команды execute_script
2025-04-08 00:28:40 [main] INFO   - Запуск менедежра скриптов
2025-04-08 00:28:40 [main] INFO   - Загрузка всех команд
2025-04-08 00:28:40 [main] INFO   - Чтения скрипта D:\Projects\ITMO\proga\Lab6\.\script1.txt
2025-04-08 00:28:51 [main] INFO   - Чтения скрипта D:\Projects\ITMO\proga\Lab6\execute_script.\script1.txt
2025-04-08 00:28:51 [main] ERROR  - Не удалось получить итератор файла по пути: D:\Projects\ITMO\proga\Lab6\execute_script.\script1.txt
2025-04-08 00:29:01 [main] INFO   - Запуск приложения
2025-04-08 00:29:09 [main] ERROR  - Неопознанная команда: script_execute
2025-04-08 00:29:25 [main] ERROR  - Неопознанная команда: script_execute
2025-04-08 00:29:36 [main] INFO   - Вызов команды execute_script
2025-04-08 00:29:41 [main] INFO   - Запуск менедежра скриптов
2025-04-08 00:29:41 [main] INFO   - Загрузка всех команд
2025-04-08 00:29:41 [main] INFO   - Чтения скрипта D:\Projects\ITMO\proga\Lab6\.\script1.txt
2025-04-08 00:30:05 [main] INFO   - Чтения скрипта D:\Projects\ITMO\proga\Lab6\.\script1.txt
2025-04-08 00:30:11 [main] WARN   - Обнаружена рекурсия
2025-04-08 00:31:46 [main] INFO   - Запуск приложения
2025-04-08 00:31:48 [main] ERROR  - Неопознанная команда: e
2025-04-08 00:31:59 [main] INFO   - Вызов команды execute_script
2025-04-08 00:32:19 [main] INFO   - Запуск менедежра скриптов
2025-04-08 00:32:20 [main] INFO   - Загрузка всех команд
2025-04-08 00:32:21 [main] INFO   - Чтения скрипта D:\Projects\ITMO\proga\Lab6\.\script1.txt
2025-04-08 00:32:21 [main] ERROR  - Неверные аргументы к командеadd
2025-04-08 00:33:23 [main] INFO   - Вызов команды add
2025-04-08 00:34:01 [main] INFO   - Отправка сообщения на сервер
2025-04-08 00:34:01 [main] INFO   - ClientCommandRequest {commandName: add, arguments: , MusicBand: {id: "1", name: "nirvana", coordinates:Coordinates {x=123, y=123}, creationDate: "Tue Apr 08 00:34:01 MSK 2025", number of participants: "90", albums count: "90", genre: "JAZZ", label: "Label: sales 4.3"}}
2025-04-08 00:34:01 [main] INFO   - Сообщение отправлено
2025-04-08 00:34:01 [main] INFO   - Ожидание ответа от сервера...
2025-04-08 00:34:01 [main] INFO   - Сообщение от сервера пришло
2025-04-08 00:34:01 [main] INFO   - ServerResponse {type: SUCCESS, message: Группа успешно добавлена в коллекцию}
2025-04-08 00:34:54 [main] INFO   - Запуск приложения
2025-04-08 00:35:20 [main] INFO   - Запуск приложения
2025-04-08 00:35:32 [main] INFO   - Вызов команды execute_script
2025-04-08 00:35:32 [main] INFO   - Запуск менедежра скриптов
2025-04-08 00:35:32 [main] INFO   - Загрузка всех команд
2025-04-08 00:35:32 [main] INFO   - Чтения скрипта D:\Projects\ITMO\proga\Lab6\.\script1.txt
2025-04-08 00:35:32 [main] INFO   - Скрипт прочитан
2025-04-08 00:35:52 [main] INFO   - Скрипт прочитан, ошибок нет
2025-04-08 00:36:14 [main] INFO   - Отправка сообщения на сервер
2025-04-08 00:36:14 [main] INFO   - ClientCommandRequest {commandName: help, arguments: }
2025-04-08 00:36:15 [main] INFO   - Сообщение отправлено
2025-04-08 00:36:15 [main] INFO   - Ожидание ответа от сервера...
2025-04-08 00:36:15 [main] INFO   - Сообщение от сервера пришло
2025-04-08 00:36:15 [main] INFO   - ServerResponse {type: SUCCESS, message: add {element}: добавить новый элемент в коллекцию
add_if_max {element} : добавить новый элемент в коллекцию, если его значение превышает значение наибольшего элемента этой коллекции
clear : очистить коллекцию
filter_contains_name name : вывести элементы, значение поля name которых содержит заданную подстроку
help: вывести справку по доступным командам
history: вывести последние 10 команд (без их аргументов)
info: вывести в стандартный поток вывода информацию о коллекции (тип, дата инициализации, количество элементов и т.д.)
print_ascending : вывести элементы коллекции в порядке возрастания
remove_by_id id : удалить элемент из коллекции по его id
remove_lower {element} : удалить из коллекции все элементы, меньшие, чем заданный
show : вывести в стандартный поток вывода все элементы коллекции в строковом представлении
sum_of_albums_count: вывести сумму значений поля albumsCount для всех элементов коллекции
update id {element} : обновить значение элемента коллекции, id которого равен заданному
}
2025-04-08 00:36:22 [main] INFO   - Отправка сообщения на сервер
2025-04-08 00:36:22 [main] INFO   - ClientCommandRequest {commandName: add, arguments: , MusicBand: {id: "1", name: "nirvana", coordinates:Coordinates {x=123, y=123}, creationDate: "Tue Apr 08 00:35:32 MSK 2025", number of participants: "90", albums count: "90", genre: "JAZZ", label: "Label: sales 4.3"}}
2025-04-08 00:36:22 [main] INFO   - Сообщение отправлено
2025-04-08 00:36:22 [main] INFO   - Ожидание ответа от сервера...
2025-04-08 00:36:23 [main] INFO   - Сообщение от сервера пришло
2025-04-08 00:36:23 [main] INFO   - ServerResponse {type: SUCCESS, message: Группа успешно добавлена в коллекцию}
2025-04-08 00:36:27 [main] INFO   - Скрипт выполнен успешно
2025-04-08 00:41:11 [main] INFO   - Вызов команды execute_script
2025-04-08 00:41:11 [main] INFO   - Запуск менедежра скриптов
2025-04-08 00:41:11 [main] INFO   - Загрузка всех команд
2025-04-08 00:41:11 [main] INFO   - Чтения скрипта D:\Projects\ITMO\proga\Lab6\.\script1.txt
2025-04-08 00:41:11 [main] INFO   - Скрипт прочитан
2025-04-08 00:41:28 [main] INFO   - Скрипт прочитан, ошибок нет
2025-04-08 00:41:28 [main] INFO   - Отправка сообщения на сервер
2025-04-08 00:41:28 [main] INFO   - ClientCommandRequest {commandName: help, arguments: }
2025-04-08 00:41:28 [main] INFO   - Сообщение отправлено
2025-04-08 00:41:28 [main] INFO   - Ожидание ответа от сервера...
2025-04-08 00:41:32 [main] INFO   - Запуск приложения
2025-04-08 00:42:21 [main] INFO   - Вызов команды execute_script
2025-04-08 00:42:21 [main] INFO   - Запуск менедежра скриптов
2025-04-08 00:42:21 [main] INFO   - Загрузка всех команд
2025-04-08 00:42:21 [main] INFO   - Чтения скрипта D:\Projects\ITMO\proga\Lab6\.\script1.txt
2025-04-08 00:43:11 [main] INFO   - Чтения скрипта D:\Projects\ITMO\proga\Lab6\.\script2.txt
2025-04-08 00:44:04 [main] INFO   - Скрипт прочитан
2025-04-08 00:44:18 [main] INFO   - Скрипт прочитан
2025-04-08 00:44:24 [main] INFO   - Скрипт прочитан, ошибок нет
2025-04-08 00:44:24 [main] INFO   - Отправка сообщения на сервер
2025-04-08 00:44:24 [main] INFO   - ClientCommandRequest {commandName: help, arguments: }
2025-04-08 00:44:24 [main] INFO   - Сообщение отправлено
2025-04-08 00:44:24 [main] INFO   - Ожидание ответа от сервера...
2025-04-08 00:44:24 [main] INFO   - Сообщение от сервера пришло
2025-04-08 00:44:24 [main] INFO   - ServerResponse {type: SUCCESS, message: add {element}: добавить новый элемент в коллекцию
add_if_max {element} : добавить новый элемент в коллекцию, если его значение превышает значение наибольшего элемента этой коллекции
clear : очистить коллекцию
filter_contains_name name : вывести элементы, значение поля name которых содержит заданную подстроку
help: вывести справку по доступным командам
history: вывести последние 10 команд (без их аргументов)
info: вывести в стандартный поток вывода информацию о коллекции (тип, дата инициализации, количество элементов и т.д.)
print_ascending : вывести элементы коллекции в порядке возрастания
remove_by_id id : удалить элемент из коллекции по его id
remove_lower {element} : удалить из коллекции все элементы, меньшие, чем заданный
show : вывести в стандартный поток вывода все элементы коллекции в строковом представлении
sum_of_albums_count: вывести сумму значений поля albumsCount для всех элементов коллекции
update id {element} : обновить значение элемента коллекции, id которого равен заданному
}
2025-04-08 00:44:24 [main] INFO   - Отправка сообщения на сервер
2025-04-08 00:44:24 [main] INFO   - ClientCommandRequest {commandName: add, arguments: , MusicBand: {id: "1", name: "nirvana", coordinates:Coordinates {x=123, y=123}, creationDate: "Tue Apr 08 00:42:43 MSK 2025", number of participants: "90", albums count: "90", genre: "JAZZ", label: "Label: sales 4.3"}}
2025-04-08 00:44:24 [main] INFO   - Сообщение отправлено
2025-04-08 00:44:24 [main] INFO   - Ожидание ответа от сервера...
2025-04-08 00:44:24 [main] INFO   - Сообщение от сервера пришло
2025-04-08 00:44:24 [main] INFO   - ServerResponse {type: SUCCESS, message: Группа успешно добавлена в коллекцию}
2025-04-08 00:44:24 [main] INFO   - Отправка сообщения на сервер
2025-04-08 00:44:24 [main] INFO   - ClientCommandRequest {commandName: sum_of_albums_count, arguments: }
2025-04-08 00:44:24 [main] INFO   - Сообщение отправлено
2025-04-08 00:44:24 [main] INFO   - Ожидание ответа от сервера...
2025-04-08 00:44:25 [main] INFO   - Сообщение от сервера пришло
2025-04-08 00:44:25 [main] INFO   - ServerResponse {type: SUCCESS, message: Суммарное значение поля albumsCount: 1231951}
2025-04-08 00:44:25 [main] INFO   - Отправка сообщения на сервер
2025-04-08 00:44:25 [main] INFO   - ClientCommandRequest {commandName: show, arguments: }
2025-04-08 00:44:25 [main] INFO   - Сообщение отправлено
2025-04-08 00:44:25 [main] INFO   - Ожидание ответа от сервера...
2025-04-08 00:44:25 [main] INFO   - Сообщение от сервера пришло
2025-04-08 00:44:25 [main] INFO   - ServerResponse {type: SUCCESS, message:  MusicBands: MusicBand: {id: "2", name: "123", coordinates:Coordinates {x=123, y=123}, creationDate: "Mon Mar 24 00:00:00 MSK 2025", number of participants: "123", albums count: "123", genre: "JAZZ", label: "Label: sales 4.5"}
MusicBand: {id: "3", name: "uju", coordinates:Coordinates {x=123, y=123}, creationDate: "Mon Mar 24 00:00:00 MSK 2025", number of participants: "34432", albums count: "1231435", genre: "JAZZ", label: "Label: sales 4.562"}
MusicBand: {id: "4", name: "123", coordinates:Coordinates {x=123, y=123}, creationDate: "Mon Mar 24 00:00:00 MSK 2025", number of participants: "123", albums count: "123", genre: "JAZZ", label: "Label: sales 54345.0"}
MusicBand: {id: "5", name: "nirvana", coordinates:Coordinates {x=123, y=123}, creationDate: "Tue Apr 08 00:34:01 MSK 2025", number of participants: "90", albums count: "90", genre: "JAZZ", label: "Label: sales 4.3"}
MusicBand: {id: "6", name: "nirvana", coordinates:Coordinates {x=123, y=123}, creationDate: "Tue Apr 08 00:36:22 MSK 2025", number of participants: "90", albums count: "90", genre: "JAZZ", label: "Label: sales 4.3"}
MusicBand: {id: "7", name: "nirvana", coordinates:Coordinates {x=123, y=123}, creationDate: "Tue Apr 08 00:44:24 MSK 2025", number of participants: "90", albums count: "90", genre: "JAZZ", label: "Label: sales 4.3"}
}
2025-04-08 00:44:25 [main] INFO   - Скрипт выполнен успешно
2025-04-08 00:44:44 [main] INFO   - Вызов команды execute_script
2025-04-08 00:44:44 [main] INFO   - Запуск менедежра скриптов
2025-04-08 00:44:44 [main] INFO   - Загрузка всех команд
2025-04-08 00:44:44 [main] INFO   - Чтения скрипта D:\Projects\ITMO\proga\Lab6\.\script1.txt
2025-04-08 00:44:51 [main] INFO   - Чтения скрипта D:\Projects\ITMO\proga\Lab6\.\script2.txt
2025-04-08 00:44:51 [main] INFO   - Скрипт прочитан
2025-04-08 00:44:51 [main] INFO   - Скрипт прочитан
2025-04-08 00:44:51 [main] INFO   - Скрипт прочитан, ошибок нет
2025-04-08 00:44:51 [main] INFO   - Отправка сообщения на сервер
2025-04-08 00:44:51 [main] INFO   - ClientCommandRequest {commandName: help, arguments: }
2025-04-08 00:44:51 [main] INFO   - Сообщение отправлено
2025-04-08 00:44:51 [main] INFO   - Ожидание ответа от сервера...
2025-04-08 00:44:51 [main] INFO   - Сообщение от сервера пришло
2025-04-08 00:44:51 [main] INFO   - ServerResponse {type: SUCCESS, message: add {element}: добавить новый элемент в коллекцию
add_if_max {element} : добавить новый элемент в коллекцию, если его значение превышает значение наибольшего элемента этой коллекции
clear : очистить коллекцию
filter_contains_name name : вывести элементы, значение поля name которых содержит заданную подстроку
help: вывести справку по доступным командам
history: вывести последние 10 команд (без их аргументов)
info: вывести в стандартный поток вывода информацию о коллекции (тип, дата инициализации, количество элементов и т.д.)
print_ascending : вывести элементы коллекции в порядке возрастания
remove_by_id id : удалить элемент из коллекции по его id
remove_lower {element} : удалить из коллекции все элементы, меньшие, чем заданный
show : вывести в стандартный поток вывода все элементы коллекции в строковом представлении
sum_of_albums_count: вывести сумму значений поля albumsCount для всех элементов коллекции
update id {element} : обновить значение элемента коллекции, id которого равен заданному
}
2025-04-08 00:44:51 [main] INFO   - Отправка сообщения на сервер
2025-04-08 00:44:51 [main] INFO   - ClientCommandRequest {commandName: add, arguments: , MusicBand: {id: "1", name: "nirvana", coordinates:Coordinates {x=123, y=123}, creationDate: "Tue Apr 08 00:44:47 MSK 2025", number of participants: "90", albums count: "90", genre: "JAZZ", label: "Label: sales 4.3"}}
2025-04-08 00:44:51 [main] INFO   - Сообщение отправлено
2025-04-08 00:44:51 [main] INFO   - Ожидание ответа от сервера...
2025-04-08 00:44:52 [main] INFO   - Сообщение от сервера пришло
2025-04-08 00:44:52 [main] INFO   - ServerResponse {type: SUCCESS, message: Группа успешно добавлена в коллекцию}
2025-04-08 00:44:52 [main] INFO   - Отправка сообщения на сервер
2025-04-08 00:44:52 [main] INFO   - ClientCommandRequest {commandName: sum_of_albums_count, arguments: }
2025-04-08 00:44:52 [main] INFO   - Сообщение отправлено
2025-04-08 00:44:52 [main] INFO   - Ожидание ответа от сервера...
2025-04-08 00:44:52 [main] INFO   - Сообщение от сервера пришло
2025-04-08 00:44:52 [main] INFO   - ServerResponse {type: SUCCESS, message: Суммарное значение поля albumsCount: 1232041}
2025-04-08 00:44:52 [main] INFO   - Отправка сообщения на сервер
2025-04-08 00:44:52 [main] INFO   - ClientCommandRequest {commandName: show, arguments: }
2025-04-08 00:44:52 [main] INFO   - Сообщение отправлено
2025-04-08 00:44:52 [main] INFO   - Ожидание ответа от сервера...
2025-04-08 00:44:53 [main] INFO   - Сообщение от сервера пришло
2025-04-08 00:44:53 [main] INFO   - ServerResponse {type: SUCCESS, message:  MusicBands: MusicBand: {id: "2", name: "123", coordinates:Coordinates {x=123, y=123}, creationDate: "Mon Mar 24 00:00:00 MSK 2025", number of participants: "123", albums count: "123", genre: "JAZZ", label: "Label: sales 4.5"}
MusicBand: {id: "3", name: "uju", coordinates:Coordinates {x=123, y=123}, creationDate: "Mon Mar 24 00:00:00 MSK 2025", number of participants: "34432", albums count: "1231435", genre: "JAZZ", label: "Label: sales 4.562"}
MusicBand: {id: "4", name: "123", coordinates:Coordinates {x=123, y=123}, creationDate: "Mon Mar 24 00:00:00 MSK 2025", number of participants: "123", albums count: "123", genre: "JAZZ", label: "Label: sales 54345.0"}
MusicBand: {id: "5", name: "nirvana", coordinates:Coordinates {x=123, y=123}, creationDate: "Tue Apr 08 00:34:01 MSK 2025", number of participants: "90", albums count: "90", genre: "JAZZ", label: "Label: sales 4.3"}
MusicBand: {id: "6", name: "nirvana", coordinates:Coordinates {x=123, y=123}, creationDate: "Tue Apr 08 00:36:22 MSK 2025", number of participants: "90", albums count: "90", genre: "JAZZ", label: "Label: sales 4.3"}
MusicBand: {id: "7", name: "nirvana", coordinates:Coordinates {x=123, y=123}, creationDate: "Tue Apr 08 00:44:24 MSK 2025", number of participants: "90", albums count: "90", genre: "JAZZ", label: "Label: sales 4.3"}
MusicBand: {id: "8", name: "nirvana", coordinates:Coordinates {x=123, y=123}, creationDate: "Tue Apr 08 00:44:51 MSK 2025", number of participants: "90", albums count: "90", genre: "JAZZ", label: "Label: sales 4.3"}
}
2025-04-08 00:44:53 [main] INFO   - Скрипт выполнен успешно
2025-04-08 00:45:01 [main] INFO   - Вызов команды execute_script
2025-04-08 00:45:01 [main] INFO   - Запуск менедежра скриптов
2025-04-08 00:45:01 [main] INFO   - Загрузка всех команд
2025-04-08 00:45:01 [main] INFO   - Чтения скрипта D:\Projects\ITMO\proga\Lab6\.\script1.txt
2025-04-08 00:45:01 [main] INFO   - Чтения скрипта D:\Projects\ITMO\proga\Lab6\.\script45136.txt
2025-04-08 00:45:01 [main] ERROR  - Не удалось получить итератор файла по пути: D:\Projects\ITMO\proga\Lab6\.\script45136.txt
2025-04-08 00:45:14 [main] INFO   - Вызов команды show
2025-04-08 00:45:14 [main] INFO   - Отправка сообщения на сервер
2025-04-08 00:45:14 [main] INFO   - ClientCommandRequest {commandName: show, arguments: }
2025-04-08 00:45:14 [main] INFO   - Сообщение отправлено
2025-04-08 00:45:14 [main] INFO   - Ожидание ответа от сервера...
2025-04-08 00:45:14 [main] INFO   - Сообщение от сервера пришло
2025-04-08 00:45:14 [main] INFO   - ServerResponse {type: SUCCESS, message:  MusicBands: MusicBand: {id: "2", name: "123", coordinates:Coordinates {x=123, y=123}, creationDate: "Mon Mar 24 00:00:00 MSK 2025", number of participants: "123", albums count: "123", genre: "JAZZ", label: "Label: sales 4.5"}
MusicBand: {id: "3", name: "uju", coordinates:Coordinates {x=123, y=123}, creationDate: "Mon Mar 24 00:00:00 MSK 2025", number of participants: "34432", albums count: "1231435", genre: "JAZZ", label: "Label: sales 4.562"}
MusicBand: {id: "4", name: "123", coordinates:Coordinates {x=123, y=123}, creationDate: "Mon Mar 24 00:00:00 MSK 2025", number of participants: "123", albums count: "123", genre: "JAZZ", label: "Label: sales 54345.0"}
MusicBand: {id: "5", name: "nirvana", coordinates:Coordinates {x=123, y=123}, creationDate: "Tue Apr 08 00:34:01 MSK 2025", number of participants: "90", albums count: "90", genre: "JAZZ", label: "Label: sales 4.3"}
MusicBand: {id: "6", name: "nirvana", coordinates:Coordinates {x=123, y=123}, creationDate: "Tue Apr 08 00:36:22 MSK 2025", number of participants: "90", albums count: "90", genre: "JAZZ", label: "Label: sales 4.3"}
MusicBand: {id: "7", name: "nirvana", coordinates:Coordinates {x=123, y=123}, creationDate: "Tue Apr 08 00:44:24 MSK 2025", number of participants: "90", albums count: "90", genre: "JAZZ", label: "Label: sales 4.3"}
MusicBand: {id: "8", name: "nirvana", coordinates:Coordinates {x=123, y=123}, creationDate: "Tue Apr 08 00:44:51 MSK 2025", number of participants: "90", albums count: "90", genre: "JAZZ", label: "Label: sales 4.3"}
}
