2025-03-24 10:21:22 [main] INFO   - Инициализация сервера. Порт: 2720 путь к файлу коллекции: ./collection.csv
2025-03-24 10:21:22 [main] INFO   - В коллекцию добавлен новый элемент
2025-03-24 10:21:22 [main] INFO   - В коллекцию добавлен новый элемент
2025-03-24 10:21:22 [main] INFO   - Коллекция загружена
2025-03-24 10:22:36 [main] INFO   - Пришло сообщения от /127.0.0.1:53465:
ClientCommandRequest {commandName: add, arguments: , MusicBand: {id: "1", name: "123", coordinates:Coordinates {x=123, y=123}, creationDate: "Mon Mar 24 10:22:35 MSK 2025", number of participants: "123", albums count: "123", genre: "JAZZ", label: "Label: sales 54345.0"}}
2025-03-24 10:22:36 [main] INFO  ServerCommandManager - Вызов команды add
2025-03-24 10:22:36 [main] INFO   - В коллекцию добавлен новый элемент
2025-03-24 10:22:36 [main] INFO   - Сообщение обработано успешно: Группа успешно добавлена в коллекцию
2025-03-24 10:22:36 [main] INFO   - Сообщение отправлено /127.0.0.1:53465
2025-03-24 10:24:45 [main] INFO   - Пришло сообщения от /127.0.0.1:53465:
ClientCommandRequest {commandName: show, arguments: }
2025-03-24 10:24:45 [main] INFO  ServerCommandManager - Вызов команды show
2025-03-24 10:24:45 [main] INFO   - Сообщение обработано успешно: MusicBand: {id: "2", name: "123", coordinates:Coordinates {x=123, y=123}, creationDate: "Mon Mar 24 00:00:00 MSK 2025", number of participants: "123", albums count: "123", genre: "JAZZ", label: "Label: sales 4.5"}
MusicBand: {id: "3", name: "uju", coordinates:Coordinates {x=123, y=123}, creationDate: "Mon Mar 24 00:00:00 MSK 2025", number of participants: "34432", albums count: "1231435", genre: "JAZZ", label: "Label: sales 4.562"}
MusicBand: {id: "4", name: "123", coordinates:Coordinates {x=123, y=123}, creationDate: "Mon Mar 24 10:22:36 MSK 2025", number of participants: "123", albums count: "123", genre: "JAZZ", label: "Label: sales 54345.0"}

2025-03-24 10:24:45 [main] INFO   - Сообщение отправлено /127.0.0.1:53465
2025-03-24 10:25:31 [main] INFO   - Пришло сообщения от /127.0.0.1:53465:
ClientCommandRequest {commandName: info, arguments: }
2025-03-24 10:25:31 [main] INFO  ServerCommandManager - Вызов команды info
2025-03-24 10:25:31 [main] INFO   - Сообщение обработано успешно: Тип коллекции: ArrayList
Дата создания: Mon Mar 24 10:21:22 MSK 2025
Кол-во элементов: 3
2025-03-24 10:25:31 [main] INFO   - Сообщение отправлено /127.0.0.1:53465
2025-03-24 10:32:27 [main] INFO   - Инициализация сервера. Порт: 2720 путь к файлу коллекции: ./collection.csv
2025-03-24 10:32:27 [main] INFO   - В коллекцию добавлен новый элемент
2025-03-24 10:32:27 [main] INFO   - В коллекцию добавлен новый элемент
2025-03-24 10:32:27 [main] INFO   - В коллекцию добавлен новый элемент
2025-03-24 10:32:27 [main] INFO   - Коллекция загружена
2025-03-24 10:32:40 [main] INFO   - Пришло сообщения от /127.0.0.1:51599:
ClientCommandRequest {commandName: show, arguments: }
2025-03-24 10:32:40 [main] INFO  ServerCommandManager - Вызов команды show
2025-03-24 10:32:40 [main] INFO   - Сообщение обработано успешно: MusicBand: {id: "2", name: "123", coordinates:Coordinates {x=123, y=123}, creationDate: "Mon Mar 24 00:00:00 MSK 2025", number of participants: "123", albums count: "123", genre: "JAZZ", label: "Label: sales 4.5"}
MusicBand: {id: "3", name: "uju", coordinates:Coordinates {x=123, y=123}, creationDate: "Mon Mar 24 00:00:00 MSK 2025", number of participants: "34432", albums count: "1231435", genre: "JAZZ", label: "Label: sales 4.562"}
MusicBand: {id: "4", name: "123", coordinates:Coordinates {x=123, y=123}, creationDate: "Mon Mar 24 00:00:00 MSK 2025", number of participants: "123", albums count: "123", genre: "JAZZ", label: "Label: sales 54345.0"}

2025-03-24 10:32:40 [main] INFO   - Сообщение отправлено /127.0.0.1:51599
2025-03-24 10:33:26 [main] INFO   - Инициализация сервера. Порт: 2720 путь к файлу коллекции: ./collection.csv
2025-03-24 10:33:26 [main] INFO   - В коллекцию добавлен новый элемент
2025-03-24 10:33:26 [main] INFO   - В коллекцию добавлен новый элемент
2025-03-24 10:33:26 [main] INFO   - В коллекцию добавлен новый элемент
2025-03-24 10:33:26 [main] INFO   - Коллекция загружена
2025-03-24 10:34:02 [main] INFO   - Инициализация сервера. Порт: 2720 путь к файлу коллекции: ./collection.csv
2025-03-24 10:34:03 [main] INFO   - В коллекцию добавлен новый элемент
2025-03-24 10:34:03 [main] INFO   - В коллекцию добавлен новый элемент
2025-03-24 10:34:03 [main] INFO   - В коллекцию добавлен новый элемент
2025-03-24 10:34:03 [main] INFO   - Коллекция загружена
2025-03-24 10:34:06 [main] INFO   - Пришло сообщения от /127.0.0.1:51010:
ClientCommandRequest {commandName: show, arguments: }
2025-03-24 10:34:06 [main] INFO  ServerCommandManager - Вызов команды show
2025-03-24 10:34:06 [main] INFO   - Сообщение обработано успешно: MusicBand: {id: "2", name: "123", coordinates:Coordinates {x=123, y=123}, creationDate: "Mon Mar 24 00:00:00 MSK 2025", number of participants: "123", albums count: "123", genre: "JAZZ", label: "Label: sales 4.5"}
MusicBand: {id: "3", name: "uju", coordinates:Coordinates {x=123, y=123}, creationDate: "Mon Mar 24 00:00:00 MSK 2025", number of participants: "34432", albums count: "1231435", genre: "JAZZ", label: "Label: sales 4.562"}
MusicBand: {id: "4", name: "123", coordinates:Coordinates {x=123, y=123}, creationDate: "Mon Mar 24 00:00:00 MSK 2025", number of participants: "123", albums count: "123", genre: "JAZZ", label: "Label: sales 54345.0"}

2025-03-24 10:34:06 [main] INFO   - Сообщение отправлено /127.0.0.1:51010
2025-03-24 10:34:10 [main] INFO   - Пришло сообщения от /127.0.0.1:51010:
ClientCommandRequest {commandName: info, arguments: }
2025-03-24 10:34:10 [main] INFO  ServerCommandManager - Вызов команды info
2025-03-24 10:34:10 [main] INFO   - Сообщение обработано успешно: Тип коллекции: ArrayList
Дата создания: Mon Mar 24 10:34:02 MSK 2025
Кол-во элементов: 3
2025-03-24 10:34:10 [main] INFO   - Сообщение отправлено /127.0.0.1:51010
2025-03-24 10:35:10 [main] INFO   - Пришло сообщения от /127.0.0.1:52115:
ClientCommandRequest {commandName: show, arguments: }
2025-03-24 10:35:10 [main] INFO  ServerCommandManager - Вызов команды show
2025-03-24 10:35:10 [main] INFO   - Сообщение обработано успешно: MusicBand: {id: "2", name: "123", coordinates:Coordinates {x=123, y=123}, creationDate: "Mon Mar 24 00:00:00 MSK 2025", number of participants: "123", albums count: "123", genre: "JAZZ", label: "Label: sales 4.5"}
MusicBand: {id: "3", name: "uju", coordinates:Coordinates {x=123, y=123}, creationDate: "Mon Mar 24 00:00:00 MSK 2025", number of participants: "34432", albums count: "1231435", genre: "JAZZ", label: "Label: sales 4.562"}
MusicBand: {id: "4", name: "123", coordinates:Coordinates {x=123, y=123}, creationDate: "Mon Mar 24 00:00:00 MSK 2025", number of participants: "123", albums count: "123", genre: "JAZZ", label: "Label: sales 54345.0"}

2025-03-24 10:35:10 [main] INFO   - Сообщение отправлено /127.0.0.1:52115
2025-03-24 10:35:29 [main] INFO   - Пришло сообщения от /127.0.0.1:52115:
ClientCommandRequest {commandName: help, arguments: }
2025-03-24 10:35:29 [main] INFO  ServerCommandManager - Вызов команды help
2025-03-24 10:35:29 [main] INFO   - Сообщение обработано успешно: add {element}: добавить новый элемент в коллекцию
add_if_max {element} : добавить новый элемент в коллекцию, если его значение превышает значение наибольшего элемента этой коллекции
clear : очистить коллекцию
filter_contains_name name : вывести элементы, значение поля name которых содержит заданную подстроку
help: вывести справку по доступным командам
history: вывести последние 10 команд (без их аргументов)
info: вывести в стандартный поток вывода информацию о коллекции (тип, дата инициализации, количество элементов и т.д.)
print_ascending : вывести элементы коллекции в порядке возрастания
remove_by_id id : удалить элемент из коллекции по его id
remove_lower {element} : удалить из коллекции все элементы, меньшие, чем заданный
show : вывести в стандартный поток вывода все элементы коллекции в строковом представлении
sum_of_albums_count: вывести сумму значений поля albumsCount для всех элементов коллекции
update id {element} : обновить значение элемента коллекции, id которого равен заданному

2025-03-24 10:35:29 [main] INFO   - Сообщение отправлено /127.0.0.1:52115
2025-03-24 10:37:04 [main] INFO   - Пришло сообщения от /127.0.0.1:57568:
ClientCommandRequest {commandName: show, arguments: }
2025-03-24 10:37:04 [main] INFO  ServerCommandManager - Вызов команды show
2025-03-24 10:37:04 [main] INFO   - Сообщение обработано успешно: MusicBand: {id: "2", name: "123", coordinates:Coordinates {x=123, y=123}, creationDate: "Mon Mar 24 00:00:00 MSK 2025", number of participants: "123", albums count: "123", genre: "JAZZ", label: "Label: sales 4.5"}
MusicBand: {id: "3", name: "uju", coordinates:Coordinates {x=123, y=123}, creationDate: "Mon Mar 24 00:00:00 MSK 2025", number of participants: "34432", albums count: "1231435", genre: "JAZZ", label: "Label: sales 4.562"}
MusicBand: {id: "4", name: "123", coordinates:Coordinates {x=123, y=123}, creationDate: "Mon Mar 24 00:00:00 MSK 2025", number of participants: "123", albums count: "123", genre: "JAZZ", label: "Label: sales 54345.0"}

2025-03-24 10:37:04 [main] INFO   - Сообщение отправлено /127.0.0.1:57568
2025-03-24 10:37:22 [main] INFO   - Пришло сообщения от /127.0.0.1:57568:
ClientCommandRequest {commandName: history, arguments: }
2025-03-24 10:37:22 [main] INFO  ServerCommandManager - Вызов команды history
2025-03-24 10:37:22 [main] INFO   - Сообщение обработано успешно: 
2025-03-24 10:37:22 [main] INFO   - Сообщение отправлено /127.0.0.1:57568
2025-03-24 10:38:10 [main] INFO   - Инициализация сервера. Порт: 2720 путь к файлу коллекции: ./collection.csv
2025-03-24 10:38:11 [main] INFO   - В коллекцию добавлен новый элемент
2025-03-24 10:38:11 [main] INFO   - В коллекцию добавлен новый элемент
2025-03-24 10:38:11 [main] INFO   - В коллекцию добавлен новый элемент
2025-03-24 10:38:11 [main] INFO   - Коллекция загружена
2025-03-24 10:38:19 [main] INFO   - Инициализация сервера. Порт: 2720 путь к файлу коллекции: ./collection.csv
2025-03-24 10:38:19 [main] INFO   - В коллекцию добавлен новый элемент
2025-03-24 10:38:19 [main] INFO   - В коллекцию добавлен новый элемент
2025-03-24 10:38:19 [main] INFO   - В коллекцию добавлен новый элемент
2025-03-24 10:38:19 [main] INFO   - Коллекция загружена
2025-03-24 10:38:33 [main] INFO   - Пришло сообщения от /127.0.0.1:52115:
ClientCommandRequest {commandName: history, arguments: }
2025-03-24 10:38:33 [main] INFO  ServerCommandManager - Вызов команды history
2025-03-24 10:38:56 [main] INFO   - Сообщение обработано успешно: 
2025-03-24 10:38:56 [main] INFO   - Сообщение отправлено /127.0.0.1:52115
2025-03-24 10:40:09 [main] INFO   - Инициализация сервера. Порт: 2720 путь к файлу коллекции: ./collection.csv
2025-03-24 10:40:09 [main] INFO   - В коллекцию добавлен новый элемент
2025-03-24 10:40:09 [main] INFO   - В коллекцию добавлен новый элемент
2025-03-24 10:40:09 [main] INFO   - В коллекцию добавлен новый элемент
2025-03-24 10:40:09 [main] INFO   - Коллекция загружена
2025-03-24 10:40:22 [main] INFO   - Пришло сообщения от /127.0.0.1:53231:
ClientCommandRequest {commandName: show, arguments: }
2025-03-24 10:40:22 [main] INFO  ServerCommandManager - Вызов команды show
2025-03-24 10:40:22 [main] INFO   - Сообщение обработано успешно: MusicBand: {id: "2", name: "123", coordinates:Coordinates {x=123, y=123}, creationDate: "Mon Mar 24 00:00:00 MSK 2025", number of participants: "123", albums count: "123", genre: "JAZZ", label: "Label: sales 4.5"}
MusicBand: {id: "3", name: "uju", coordinates:Coordinates {x=123, y=123}, creationDate: "Mon Mar 24 00:00:00 MSK 2025", number of participants: "34432", albums count: "1231435", genre: "JAZZ", label: "Label: sales 4.562"}
MusicBand: {id: "4", name: "123", coordinates:Coordinates {x=123, y=123}, creationDate: "Mon Mar 24 00:00:00 MSK 2025", number of participants: "123", albums count: "123", genre: "JAZZ", label: "Label: sales 54345.0"}

2025-03-24 10:40:22 [main] INFO   - Сообщение отправлено /127.0.0.1:53231
2025-03-24 10:40:23 [main] INFO   - Пришло сообщения от /127.0.0.1:53231:
ClientCommandRequest {commandName: show, arguments: }
2025-03-24 10:40:23 [main] INFO  ServerCommandManager - Вызов команды show
2025-03-24 10:40:23 [main] INFO   - Сообщение обработано успешно: MusicBand: {id: "2", name: "123", coordinates:Coordinates {x=123, y=123}, creationDate: "Mon Mar 24 00:00:00 MSK 2025", number of participants: "123", albums count: "123", genre: "JAZZ", label: "Label: sales 4.5"}
MusicBand: {id: "3", name: "uju", coordinates:Coordinates {x=123, y=123}, creationDate: "Mon Mar 24 00:00:00 MSK 2025", number of participants: "34432", albums count: "1231435", genre: "JAZZ", label: "Label: sales 4.562"}
MusicBand: {id: "4", name: "123", coordinates:Coordinates {x=123, y=123}, creationDate: "Mon Mar 24 00:00:00 MSK 2025", number of participants: "123", albums count: "123", genre: "JAZZ", label: "Label: sales 54345.0"}

2025-03-24 10:40:23 [main] INFO   - Сообщение отправлено /127.0.0.1:53231
2025-03-24 10:40:26 [main] INFO   - Пришло сообщения от /127.0.0.1:53231:
ClientCommandRequest {commandName: info, arguments: }
2025-03-24 10:40:26 [main] INFO  ServerCommandManager - Вызов команды info
2025-03-24 10:40:26 [main] INFO   - Сообщение обработано успешно: Тип коллекции: ArrayList
Дата создания: Mon Mar 24 10:40:09 MSK 2025
Кол-во элементов: 3
2025-03-24 10:40:26 [main] INFO   - Сообщение отправлено /127.0.0.1:53231
2025-03-24 10:40:28 [main] INFO   - Пришло сообщения от /127.0.0.1:53231:
ClientCommandRequest {commandName: history, arguments: }
2025-03-24 10:40:28 [main] INFO  ServerCommandManager - Вызов команды history
2025-03-24 10:40:28 [main] INFO   - Сообщение обработано успешно: org.example.command.HistoryUserCommand@790da477
org.example.command.InfoUserCommand@5c7933ad
org.example.command.ShowUserCommand@57bc27f5
org.example.command.ShowUserCommand@57bc27f5

2025-03-24 10:40:28 [main] INFO   - Сообщение отправлено /127.0.0.1:53231
2025-03-24 10:41:21 [main] INFO   - Инициализация сервера. Порт: 2720 путь к файлу коллекции: ./collection.csv
2025-03-24 10:41:21 [main] INFO   - В коллекцию добавлен новый элемент
2025-03-24 10:41:21 [main] INFO   - В коллекцию добавлен новый элемент
2025-03-24 10:41:21 [main] INFO   - В коллекцию добавлен новый элемент
2025-03-24 10:41:21 [main] INFO   - Коллекция загружена
2025-03-24 10:41:28 [main] INFO   - Пришло сообщения от /127.0.0.1:53231:
ClientCommandRequest {commandName: info, arguments: }
2025-03-24 10:41:28 [main] INFO  ServerCommandManager - Вызов команды info
2025-03-24 10:41:28 [main] INFO   - Сообщение обработано успешно: Тип коллекции: ArrayList
Дата создания: Mon Mar 24 10:41:21 MSK 2025
Кол-во элементов: 3
2025-03-24 10:41:28 [main] INFO   - Сообщение отправлено /127.0.0.1:53231
2025-03-24 10:41:33 [main] INFO   - Пришло сообщения от /127.0.0.1:53231:
ClientCommandRequest {commandName: history, arguments: }
2025-03-24 10:41:33 [main] INFO  ServerCommandManager - Вызов команды history
2025-03-24 10:41:33 [main] INFO   - Сообщение обработано успешно: history
info

2025-03-24 10:41:33 [main] INFO   - Сообщение отправлено /127.0.0.1:53231
2025-03-24 17:34:57 [main] INFO   - Инициализация сервера. Порт: 2720 путь к файлу коллекции: ./collection.csv
2025-03-24 17:34:57 [main] INFO   - В коллекцию добавлен новый элемент
2025-03-24 17:34:57 [main] INFO   - В коллекцию добавлен новый элемент
2025-03-24 17:34:57 [main] INFO   - В коллекцию добавлен новый элемент
2025-03-24 17:34:57 [main] INFO   - Коллекция загружена
2025-03-24 17:35:11 [main] INFO   - Пришло сообщения от /127.0.0.1:64433:
ClientCommandRequest {commandName: show, arguments: }
2025-03-24 17:35:11 [main] INFO  ServerCommandManager - Вызов команды show
2025-03-24 17:35:11 [main] INFO   - Сообщение обработано успешно: 
2025-03-24 17:35:11 [main] INFO   - Сообщение отправлено /127.0.0.1:64433
2025-03-24 17:36:03 [main] INFO   - Инициализация сервера. Порт: 2720 путь к файлу коллекции: ./collection.csv
2025-03-24 17:36:03 [main] INFO   - В коллекцию добавлен новый элемент
2025-03-24 17:36:03 [main] INFO   - В коллекцию добавлен новый элемент
2025-03-24 17:36:03 [main] INFO   - В коллекцию добавлен новый элемент
2025-03-24 17:36:03 [main] INFO   - Коллекция загружена
2025-03-24 17:36:11 [main] INFO   - Пришло сообщения от /127.0.0.1:64433:
ClientCommandRequest {commandName: show, arguments: }
2025-03-24 17:36:11 [main] INFO  ServerCommandManager - Вызов команды show
2025-03-24 17:37:09 [main] INFO   - Сообщение обработано успешно: 
2025-03-24 17:37:09 [main] INFO   - Сообщение отправлено /127.0.0.1:64433
2025-03-24 17:38:22 [main] INFO   - Инициализация сервера. Порт: 2720 путь к файлу коллекции: ./collection.csv
2025-03-24 17:38:23 [main] INFO   - В коллекцию добавлен новый элемент
2025-03-24 17:38:23 [main] INFO   - В коллекцию добавлен новый элемент
2025-03-24 17:38:23 [main] INFO   - В коллекцию добавлен новый элемент
2025-03-24 17:38:23 [main] INFO   - Коллекция загружена
2025-03-24 17:38:41 [main] INFO   - Пришло сообщения от /127.0.0.1:58012:
ClientCommandRequest {commandName: show, arguments: }
2025-03-24 17:38:41 [main] INFO  ServerCommandManager - Вызов команды show
2025-03-24 17:38:41 [main] INFO   - Сообщение обработано успешно: ServerResponse {type: SUCCESS, message:  MusicBands: MusicBand: {id: "2", name: "123", coordinates:Coordinates {x=123, y=123}, creationDate: "Mon Mar 24 00:00:00 MSK 2025", number of participants: "123", albums count: "123", genre: "JAZZ", label: "Label: sales 4.5"}
MusicBand: {id: "3", name: "uju", coordinates:Coordinates {x=123, y=123}, creationDate: "Mon Mar 24 00:00:00 MSK 2025", number of participants: "34432", albums count: "1231435", genre: "JAZZ", label: "Label: sales 4.562"}
MusicBand: {id: "4", name: "123", coordinates:Coordinates {x=123, y=123}, creationDate: "Mon Mar 24 00:00:00 MSK 2025", number of participants: "123", albums count: "123", genre: "JAZZ", label: "Label: sales 54345.0"}
}
2025-03-24 17:38:41 [main] INFO   - Сообщение отправлено /127.0.0.1:58012
